[21 abr 2022 18:01:31] DEBUG Executing SQL script
[21 abr 2022 18:01:31] INFO ================================================================================
[21 abr 2022 18:01:31] INFO onError= 'stop'
[21 abr 2022 18:01:31] INFO autoCommit= 'false'
[21 abr 2022 18:01:31] INFO username= 'postgres'
[21 abr 2022 18:01:31] INFO outputPath= 'D:\ANTONIO\webRatio-workspace\GanAppderia\.Temp~\UpdateSQL.xml'
[21 abr 2022 18:01:31] INFO outputLogPath= 'D:\ANTONIO\webRatio-workspace\GanAppderia\.Temp~\UpdateSQL.xml.log'
[21 abr 2022 18:01:31] INFO encoding= ''
[21 abr 2022 18:01:31] INFO driverClass= 'org.postgresql.Driver'
[21 abr 2022 18:01:31] INFO sqlScript= 'D:\ANTONIO\webRatio-workspace\GanAppderia\.Temp~\UpdateSQL.sql'
[21 abr 2022 18:01:31] INFO eventSocketPort= '61431'
[21 abr 2022 18:01:31] INFO statementSeparator= ';'
[21 abr 2022 18:01:31] INFO derby.system.home= 'D:\ANTONIO\webRatio-workspace\.metadata\.plugins\com.webratio.commons.db\derby'
[21 abr 2022 18:01:31] INFO password= 'admin'
[21 abr 2022 18:01:31] INFO url= 'jdbc:postgresql://localhost:5432/GanAppderiaDatabase'
[21 abr 2022 18:01:31] INFO ================================================================================
[21 abr 2022 18:01:31] INFO Connecting to the Database...
[21 abr 2022 18:01:31] INFO Database connection estabilished
[21 abr 2022 18:01:31] INFO transaction isolation: 2
[21 abr 2022 18:01:31] DEBUG ================================================================================
[21 abr 2022 18:01:31] DEBUG Executing SQL script file: D:\ANTONIO\webRatio-workspace\GanAppderia\.Temp~\UpdateSQL.sql
[21 abr 2022 18:01:31] DEBUG Executing statement:  create table "public"."historicoproductos" ( "oid"  int4  not null, "nombreproducto"  varchar(255), "descripcionproducto"  text, "precioproducto"  float8, "unidadesproducto"  int4, "preciotraspromocion"  float8, "imagenproducto"  varchar(255), "fechacaducidad"  date, "valoracionmedia"  float8, "urlqr"  varchar(255), "fechahistorico"  date, "oid_productoantiguo"  int4, primary key ("oid") )
[21 abr 2022 18:01:31] DEBUG ================================================================================
[21 abr 2022 18:01:31] DEBUG SQL SCRIPT SUCCESSFULLY EXECUTED
[21 abr 2022 18:01:31] INFO Database connection closed
[21 abr 2022 18:01:31] DEBUG Total time: 500 milliseconds
